2022-07-21 07:47:46,847 INFO org.springframework.boot.StartupInfoLogger [main] Starting TokenProviderApplication using Java 11.0.15 on lnb035768cps with PID 21377 (/home/andreus/myMusicProject/projetct-myMusic-toTal/TokenProvider/target/classes started by CIANDT\andreus in /home/andreus/myMusicProject/projetct-myMusic-toTal/TokenProvider)
2022-07-21 07:47:46,850 INFO org.springframework.boot.SpringApplication [main] No active profile set, falling back to default profiles: default
2022-07-21 07:47:47,801 INFO org.springframework.boot.web.embedded.tomcat.TomcatWebServer [main] Tomcat initialized with port(s): 8081 (http)
2022-07-21 07:47:47,811 INFO org.apache.juli.logging.DirectJDKLog [main] Initializing ProtocolHandler ["http-nio-8081"]
2022-07-21 07:47:47,812 INFO org.apache.juli.logging.DirectJDKLog [main] Starting service [Tomcat]
2022-07-21 07:47:47,812 INFO org.apache.juli.logging.DirectJDKLog [main] Starting Servlet engine: [Apache Tomcat/9.0.56]
2022-07-21 07:47:47,861 INFO org.apache.juli.logging.DirectJDKLog [main] Initializing Spring embedded WebApplicationContext
2022-07-21 07:47:47,862 INFO org.springframework.boot.web.servlet.context.ServletWebServerApplicationContext [main] Root WebApplicationContext: initialization completed in 975 ms
2022-07-21 07:47:48,386 INFO org.springframework.boot.actuate.endpoint.web.EndpointLinksResolver [main] Exposing 1 endpoint(s) beneath base path '/actuator'
2022-07-21 07:47:48,406 INFO org.apache.juli.logging.DirectJDKLog [main] Starting ProtocolHandler ["http-nio-8081"]
2022-07-21 07:47:48,417 INFO org.springframework.boot.web.embedded.tomcat.TomcatWebServer [main] Tomcat started on port(s): 8081 (http) with context path ''
2022-07-21 07:47:48,433 INFO org.springframework.boot.StartupInfoLogger [main] Started TokenProviderApplication in 1.966 seconds (JVM running for 2.428)
2022-07-21 07:50:16,834 INFO org.apache.juli.logging.DirectJDKLog [http-nio-8081-exec-1] Initializing Spring DispatcherServlet 'dispatcherServlet'
2022-07-21 07:50:16,834 INFO org.springframework.web.servlet.FrameworkServlet [http-nio-8081-exec-1] Initializing Servlet 'dispatcherServlet'
2022-07-21 07:50:16,838 INFO org.springframework.web.servlet.FrameworkServlet [http-nio-8081-exec-1] Completed initialization in 4 ms
2022-07-21 07:50:16,946 INFO com.ciandt.token.provider.controllers.TokenAuthorizerController [http-nio-8081-exec-1] Recebido requisição para geração de token: fulano
2022-07-21 07:50:16,994 ERROR com.ciandt.token.provider.controllers.TokenAuthorizerController [http-nio-8081-exec-1] Requisição inválida: Token expirado
2022-07-21 07:50:17,053 INFO com.ciandt.token.provider.controllers.TokenAuthorizerController [http-nio-8081-exec-2] Recebido requisição para geração de token: fulano
2022-07-21 07:50:17,055 ERROR com.ciandt.token.provider.controllers.TokenAuthorizerController [http-nio-8081-exec-2] Requisição inválida: Token expirado
2022-07-21 07:50:28,819 INFO com.ciandt.token.provider.controllers.TokenAuthorizerController [http-nio-8081-exec-3] Recebido requisição para geração de token: fulano
2022-07-21 07:50:28,821 ERROR com.ciandt.token.provider.controllers.TokenAuthorizerController [http-nio-8081-exec-3] Requisição inválida: Token expirado
2022-07-21 07:50:28,828 INFO com.ciandt.token.provider.controllers.TokenAuthorizerController [http-nio-8081-exec-4] Recebido requisição para geração de token: fulano
2022-07-21 07:50:28,829 ERROR com.ciandt.token.provider.controllers.TokenAuthorizerController [http-nio-8081-exec-4] Requisição inválida: Token expirado
2022-07-21 07:50:31,791 INFO com.ciandt.token.provider.controllers.TokenAuthorizerController [http-nio-8081-exec-5] Recebido requisição para geração de token: fulano
2022-07-21 07:50:31,793 ERROR com.ciandt.token.provider.controllers.TokenAuthorizerController [http-nio-8081-exec-5] Requisição inválida: Token expirado
2022-07-21 07:50:31,800 INFO com.ciandt.token.provider.controllers.TokenAuthorizerController [http-nio-8081-exec-6] Recebido requisição para geração de token: fulano
2022-07-21 07:50:31,801 ERROR com.ciandt.token.provider.controllers.TokenAuthorizerController [http-nio-8081-exec-6] Requisição inválida: Token expirado
2022-07-21 07:50:32,720 INFO com.ciandt.token.provider.controllers.TokenAuthorizerController [http-nio-8081-exec-7] Recebido requisição para geração de token: fulano
2022-07-21 07:50:32,722 ERROR com.ciandt.token.provider.controllers.TokenAuthorizerController [http-nio-8081-exec-7] Requisição inválida: Token expirado
2022-07-21 07:50:32,727 INFO com.ciandt.token.provider.controllers.TokenAuthorizerController [http-nio-8081-exec-8] Recebido requisição para geração de token: fulano
2022-07-21 07:50:32,729 ERROR com.ciandt.token.provider.controllers.TokenAuthorizerController [http-nio-8081-exec-8] Requisição inválida: Token expirado
2022-07-21 07:51:41,850 INFO com.ciandt.token.provider.controllers.TokenAuthorizerController [http-nio-8081-exec-9] Recebido requisição para geração de token: fulano
2022-07-21 07:51:41,854 ERROR org.apache.juli.logging.DirectJDKLog [http-nio-8081-exec-9] Servlet.service() for servlet [dispatcherServlet] in context with path [] threw exception [Request processing failed; nested exception is org.jasypt.exceptions.EncryptionOperationNotPossibleException] with root cause
org.jasypt.exceptions.EncryptionOperationNotPossibleException: null
	at org.jasypt.encryption.pbe.StandardPBEByteEncryptor.decrypt(StandardPBEByteEncryptor.java:1169)
	at org.jasypt.encryption.pbe.StandardPBEStringEncryptor.decrypt(StandardPBEStringEncryptor.java:738)
	at com.ciandt.token.provider.services.EncryptServices.decrypt(EncryptServices.java:23)
	at com.ciandt.token.provider.core.usecases.CreateAuthorizerUseCase.execute(CreateAuthorizerUseCase.java:18)
	at com.ciandt.token.provider.controllers.TokenAuthorizerController.createTokenAuthorizer(TokenAuthorizerController.java:33)
	at java.base/jdk.internal.reflect.NativeMethodAccessorImpl.invoke0(Native Method)
	at java.base/jdk.internal.reflect.NativeMethodAccessorImpl.invoke(NativeMethodAccessorImpl.java:62)
	at java.base/jdk.internal.reflect.DelegatingMethodAccessorImpl.invoke(DelegatingMethodAccessorImpl.java:43)
	at java.base/java.lang.reflect.Method.invoke(Method.java:566)
	at org.springframework.web.method.support.InvocableHandlerMethod.doInvoke(InvocableHandlerMethod.java:205)
	at org.springframework.web.method.support.InvocableHandlerMethod.invokeForRequest(InvocableHandlerMethod.java:150)
	at org.springframework.web.servlet.mvc.method.annotation.ServletInvocableHandlerMethod.invokeAndHandle(ServletInvocableHandlerMethod.java:117)
	at org.springframework.web.servlet.mvc.method.annotation.RequestMappingHandlerAdapter.invokeHandlerMethod(RequestMappingHandlerAdapter.java:895)
	at org.springframework.web.servlet.mvc.method.annotation.RequestMappingHandlerAdapter.handleInternal(RequestMappingHandlerAdapter.java:808)
	at org.springframework.web.servlet.mvc.method.AbstractHandlerMethodAdapter.handle(AbstractHandlerMethodAdapter.java:87)
	at org.springframework.web.servlet.DispatcherServlet.doDispatch(DispatcherServlet.java:1067)
	at org.springframework.web.servlet.DispatcherServlet.doService(DispatcherServlet.java:963)
	at org.springframework.web.servlet.FrameworkServlet.processRequest(FrameworkServlet.java:1006)
	at org.springframework.web.servlet.FrameworkServlet.doPost(FrameworkServlet.java:909)
	at javax.servlet.http.HttpServlet.service(HttpServlet.java:681)
	at org.springframework.web.servlet.FrameworkServlet.service(FrameworkServlet.java:883)
	at javax.servlet.http.HttpServlet.service(HttpServlet.java:764)
	at org.apache.catalina.core.ApplicationFilterChain.internalDoFilter(ApplicationFilterChain.java:227)
	at org.apache.catalina.core.ApplicationFilterChain.doFilter(ApplicationFilterChain.java:162)
	at org.apache.tomcat.websocket.server.WsFilter.doFilter(WsFilter.java:53)
	at org.apache.catalina.core.ApplicationFilterChain.internalDoFilter(ApplicationFilterChain.java:189)
	at org.apache.catalina.core.ApplicationFilterChain.doFilter(ApplicationFilterChain.java:162)
	at org.springframework.web.filter.RequestContextFilter.doFilterInternal(RequestContextFilter.java:100)
	at org.springframework.web.filter.OncePerRequestFilter.doFilter(OncePerRequestFilter.java:117)
	at org.apache.catalina.core.ApplicationFilterChain.internalDoFilter(ApplicationFilterChain.java:189)
	at org.apache.catalina.core.ApplicationFilterChain.doFilter(ApplicationFilterChain.java:162)
	at org.springframework.web.filter.FormContentFilter.doFilterInternal(FormContentFilter.java:93)
	at org.springframework.web.filter.OncePerRequestFilter.doFilter(OncePerRequestFilter.java:117)
	at org.apache.catalina.core.ApplicationFilterChain.internalDoFilter(ApplicationFilterChain.java:189)
	at org.apache.catalina.core.ApplicationFilterChain.doFilter(ApplicationFilterChain.java:162)
	at org.springframework.boot.actuate.metrics.web.servlet.WebMvcMetricsFilter.doFilterInternal(WebMvcMetricsFilter.java:96)
	at org.springframework.web.filter.OncePerRequestFilter.doFilter(OncePerRequestFilter.java:117)
	at org.apache.catalina.core.ApplicationFilterChain.internalDoFilter(ApplicationFilterChain.java:189)
	at org.apache.catalina.core.ApplicationFilterChain.doFilter(ApplicationFilterChain.java:162)
	at org.springframework.web.filter.CharacterEncodingFilter.doFilterInternal(CharacterEncodingFilter.java:201)
	at org.springframework.web.filter.OncePerRequestFilter.doFilter(OncePerRequestFilter.java:117)
	at org.apache.catalina.core.ApplicationFilterChain.internalDoFilter(ApplicationFilterChain.java:189)
	at org.apache.catalina.core.ApplicationFilterChain.doFilter(ApplicationFilterChain.java:162)
	at org.apache.catalina.core.StandardWrapperValve.invoke(StandardWrapperValve.java:197)
	at org.apache.catalina.core.StandardContextValve.invoke(StandardContextValve.java:97)
	at org.apache.catalina.authenticator.AuthenticatorBase.invoke(AuthenticatorBase.java:540)
	at org.apache.catalina.core.StandardHostValve.invoke(StandardHostValve.java:135)
	at org.apache.catalina.valves.ErrorReportValve.invoke(ErrorReportValve.java:92)
	at org.apache.catalina.core.StandardEngineValve.invoke(StandardEngineValve.java:78)
	at org.apache.catalina.connector.CoyoteAdapter.service(CoyoteAdapter.java:357)
	at org.apache.coyote.http11.Http11Processor.service(Http11Processor.java:382)
	at org.apache.coyote.AbstractProcessorLight.process(AbstractProcessorLight.java:65)
	at org.apache.coyote.AbstractProtocol$ConnectionHandler.process(AbstractProtocol.java:895)
	at org.apache.tomcat.util.net.NioEndpoint$SocketProcessor.doRun(NioEndpoint.java:1732)
	at org.apache.tomcat.util.net.SocketProcessorBase.run(SocketProcessorBase.java:49)
	at org.apache.tomcat.util.threads.ThreadPoolExecutor.runWorker(ThreadPoolExecutor.java:1191)
	at org.apache.tomcat.util.threads.ThreadPoolExecutor$Worker.run(ThreadPoolExecutor.java:659)
	at org.apache.tomcat.util.threads.TaskThread$WrappingRunnable.run(TaskThread.java:61)
	at java.base/java.lang.Thread.run(Thread.java:829)
2022-07-21 07:51:41,861 INFO com.ciandt.token.provider.controllers.TokenAuthorizerController [http-nio-8081-exec-10] Recebido requisição para geração de token: fulano
2022-07-21 07:51:41,863 ERROR org.apache.juli.logging.DirectJDKLog [http-nio-8081-exec-10] Servlet.service() for servlet [dispatcherServlet] in context with path [] threw exception [Request processing failed; nested exception is org.jasypt.exceptions.EncryptionOperationNotPossibleException] with root cause
org.jasypt.exceptions.EncryptionOperationNotPossibleException: null
	at org.jasypt.encryption.pbe.StandardPBEByteEncryptor.decrypt(StandardPBEByteEncryptor.java:1169)
	at org.jasypt.encryption.pbe.StandardPBEStringEncryptor.decrypt(StandardPBEStringEncryptor.java:738)
	at com.ciandt.token.provider.services.EncryptServices.decrypt(EncryptServices.java:23)
	at com.ciandt.token.provider.core.usecases.CreateAuthorizerUseCase.execute(CreateAuthorizerUseCase.java:18)
	at com.ciandt.token.provider.controllers.TokenAuthorizerController.createTokenAuthorizer(TokenAuthorizerController.java:33)
	at java.base/jdk.internal.reflect.NativeMethodAccessorImpl.invoke0(Native Method)
	at java.base/jdk.internal.reflect.NativeMethodAccessorImpl.invoke(NativeMethodAccessorImpl.java:62)
	at java.base/jdk.internal.reflect.DelegatingMethodAccessorImpl.invoke(DelegatingMethodAccessorImpl.java:43)
	at java.base/java.lang.reflect.Method.invoke(Method.java:566)
	at org.springframework.web.method.support.InvocableHandlerMethod.doInvoke(InvocableHandlerMethod.java:205)
	at org.springframework.web.method.support.InvocableHandlerMethod.invokeForRequest(InvocableHandlerMethod.java:150)
	at org.springframework.web.servlet.mvc.method.annotation.ServletInvocableHandlerMethod.invokeAndHandle(ServletInvocableHandlerMethod.java:117)
	at org.springframework.web.servlet.mvc.method.annotation.RequestMappingHandlerAdapter.invokeHandlerMethod(RequestMappingHandlerAdapter.java:895)
	at org.springframework.web.servlet.mvc.method.annotation.RequestMappingHandlerAdapter.handleInternal(RequestMappingHandlerAdapter.java:808)
	at org.springframework.web.servlet.mvc.method.AbstractHandlerMethodAdapter.handle(AbstractHandlerMethodAdapter.java:87)
	at org.springframework.web.servlet.DispatcherServlet.doDispatch(DispatcherServlet.java:1067)
	at org.springframework.web.servlet.DispatcherServlet.doService(DispatcherServlet.java:963)
	at org.springframework.web.servlet.FrameworkServlet.processRequest(FrameworkServlet.java:1006)
	at org.springframework.web.servlet.FrameworkServlet.doPost(FrameworkServlet.java:909)
	at javax.servlet.http.HttpServlet.service(HttpServlet.java:681)
	at org.springframework.web.servlet.FrameworkServlet.service(FrameworkServlet.java:883)
	at javax.servlet.http.HttpServlet.service(HttpServlet.java:764)
	at org.apache.catalina.core.ApplicationFilterChain.internalDoFilter(ApplicationFilterChain.java:227)
	at org.apache.catalina.core.ApplicationFilterChain.doFilter(ApplicationFilterChain.java:162)
	at org.apache.tomcat.websocket.server.WsFilter.doFilter(WsFilter.java:53)
	at org.apache.catalina.core.ApplicationFilterChain.internalDoFilter(ApplicationFilterChain.java:189)
	at org.apache.catalina.core.ApplicationFilterChain.doFilter(ApplicationFilterChain.java:162)
	at org.springframework.web.filter.RequestContextFilter.doFilterInternal(RequestContextFilter.java:100)
	at org.springframework.web.filter.OncePerRequestFilter.doFilter(OncePerRequestFilter.java:117)
	at org.apache.catalina.core.ApplicationFilterChain.internalDoFilter(ApplicationFilterChain.java:189)
	at org.apache.catalina.core.ApplicationFilterChain.doFilter(ApplicationFilterChain.java:162)
	at org.springframework.web.filter.FormContentFilter.doFilterInternal(FormContentFilter.java:93)
	at org.springframework.web.filter.OncePerRequestFilter.doFilter(OncePerRequestFilter.java:117)
	at org.apache.catalina.core.ApplicationFilterChain.internalDoFilter(ApplicationFilterChain.java:189)
	at org.apache.catalina.core.ApplicationFilterChain.doFilter(ApplicationFilterChain.java:162)
	at org.springframework.boot.actuate.metrics.web.servlet.WebMvcMetricsFilter.doFilterInternal(WebMvcMetricsFilter.java:96)
	at org.springframework.web.filter.OncePerRequestFilter.doFilter(OncePerRequestFilter.java:117)
	at org.apache.catalina.core.ApplicationFilterChain.internalDoFilter(ApplicationFilterChain.java:189)
	at org.apache.catalina.core.ApplicationFilterChain.doFilter(ApplicationFilterChain.java:162)
	at org.springframework.web.filter.CharacterEncodingFilter.doFilterInternal(CharacterEncodingFilter.java:201)
	at org.springframework.web.filter.OncePerRequestFilter.doFilter(OncePerRequestFilter.java:117)
	at org.apache.catalina.core.ApplicationFilterChain.internalDoFilter(ApplicationFilterChain.java:189)
	at org.apache.catalina.core.ApplicationFilterChain.doFilter(ApplicationFilterChain.java:162)
	at org.apache.catalina.core.StandardWrapperValve.invoke(StandardWrapperValve.java:197)
	at org.apache.catalina.core.StandardContextValve.invoke(StandardContextValve.java:97)
	at org.apache.catalina.authenticator.AuthenticatorBase.invoke(AuthenticatorBase.java:540)
	at org.apache.catalina.core.StandardHostValve.invoke(StandardHostValve.java:135)
	at org.apache.catalina.valves.ErrorReportValve.invoke(ErrorReportValve.java:92)
	at org.apache.catalina.core.StandardEngineValve.invoke(StandardEngineValve.java:78)
	at org.apache.catalina.connector.CoyoteAdapter.service(CoyoteAdapter.java:357)
	at org.apache.coyote.http11.Http11Processor.service(Http11Processor.java:382)
	at org.apache.coyote.AbstractProcessorLight.process(AbstractProcessorLight.java:65)
	at org.apache.coyote.AbstractProtocol$ConnectionHandler.process(AbstractProtocol.java:895)
	at org.apache.tomcat.util.net.NioEndpoint$SocketProcessor.doRun(NioEndpoint.java:1732)
	at org.apache.tomcat.util.net.SocketProcessorBase.run(SocketProcessorBase.java:49)
	at org.apache.tomcat.util.threads.ThreadPoolExecutor.runWorker(ThreadPoolExecutor.java:1191)
	at org.apache.tomcat.util.threads.ThreadPoolExecutor$Worker.run(ThreadPoolExecutor.java:659)
	at org.apache.tomcat.util.threads.TaskThread$WrappingRunnable.run(TaskThread.java:61)
	at java.base/java.lang.Thread.run(Thread.java:829)
2022-07-21 07:55:07,443 INFO com.ciandt.token.provider.controllers.TokenAuthorizerController [http-nio-8081-exec-1] Recebido requisição para geração de token: fulano
2022-07-21 07:55:07,445 ERROR com.ciandt.token.provider.controllers.TokenAuthorizerController [http-nio-8081-exec-1] Requisição inválida: Token expirado
2022-07-21 07:55:07,449 INFO com.ciandt.token.provider.controllers.TokenAuthorizerController [http-nio-8081-exec-2] Recebido requisição para geração de token: fulano
2022-07-21 07:55:07,450 ERROR com.ciandt.token.provider.controllers.TokenAuthorizerController [http-nio-8081-exec-2] Requisição inválida: Token expirado
2022-07-21 07:55:53,620 INFO com.ciandt.token.provider.controllers.TokenController [http-nio-8081-exec-4] Recebido requisição para criação de token para chave: fulano
2022-07-21 07:55:53,624 INFO com.ciandt.token.provider.controllers.TokenController [http-nio-8081-exec-4] Token gerado com sucesso
2022-07-21 07:56:22,465 INFO com.ciandt.token.provider.controllers.TokenAuthorizerController [http-nio-8081-exec-5] Recebido requisição para geração de token: fulano
2022-07-21 07:56:22,466 INFO com.ciandt.token.provider.controllers.TokenAuthorizerController [http-nio-8081-exec-5] Token validado com sucesso
2022-07-21 07:56:22,472 INFO com.ciandt.token.provider.controllers.TokenAuthorizerController [http-nio-8081-exec-6] Recebido requisição para geração de token: fulano
2022-07-21 07:56:22,473 INFO com.ciandt.token.provider.controllers.TokenAuthorizerController [http-nio-8081-exec-6] Token validado com sucesso
2022-07-21 07:57:19,609 INFO com.ciandt.token.provider.controllers.TokenAuthorizerController [http-nio-8081-exec-9] Recebido requisição para geração de token: fulano
2022-07-21 07:57:19,611 ERROR com.ciandt.token.provider.controllers.TokenAuthorizerController [http-nio-8081-exec-9] Requisição inválida: Token expirado
2022-07-21 07:57:26,835 INFO com.ciandt.token.provider.controllers.TokenAuthorizerController [http-nio-8081-exec-2] Recebido requisição para geração de token: fulano
2022-07-21 07:57:26,837 ERROR com.ciandt.token.provider.controllers.TokenAuthorizerController [http-nio-8081-exec-2] Requisição inválida: Token expirado
2022-07-21 07:57:34,946 INFO com.ciandt.token.provider.controllers.TokenController [http-nio-8081-exec-4] Recebido requisição para criação de token para chave: fulano
2022-07-21 07:57:34,947 INFO com.ciandt.token.provider.controllers.TokenController [http-nio-8081-exec-4] Token gerado com sucesso
2022-07-21 07:57:46,826 INFO com.ciandt.token.provider.controllers.TokenAuthorizerController [http-nio-8081-exec-5] Recebido requisição para geração de token: fulano
2022-07-21 07:57:46,827 INFO com.ciandt.token.provider.controllers.TokenAuthorizerController [http-nio-8081-exec-5] Token validado com sucesso
2022-07-21 08:01:38,823 INFO com.ciandt.token.provider.controllers.TokenAuthorizerController [http-nio-8081-exec-7] Recebido requisição para geração de token: fulano
2022-07-21 08:01:38,823 ERROR com.ciandt.token.provider.controllers.TokenAuthorizerController [http-nio-8081-exec-7] Requisição inválida: Token expirado
2022-07-21 08:01:38,842 INFO com.ciandt.token.provider.controllers.TokenAuthorizerController [http-nio-8081-exec-8] Recebido requisição para geração de token: fulano
2022-07-21 08:01:38,843 ERROR com.ciandt.token.provider.controllers.TokenAuthorizerController [http-nio-8081-exec-8] Requisição inválida: Token expirado
2022-07-21 08:01:41,707 INFO com.ciandt.token.provider.controllers.TokenAuthorizerController [http-nio-8081-exec-9] Recebido requisição para geração de token: fulano
2022-07-21 08:01:41,708 ERROR com.ciandt.token.provider.controllers.TokenAuthorizerController [http-nio-8081-exec-9] Requisição inválida: Token expirado
2022-07-21 08:01:41,715 INFO com.ciandt.token.provider.controllers.TokenAuthorizerController [http-nio-8081-exec-10] Recebido requisição para geração de token: fulano
2022-07-21 08:01:41,716 ERROR com.ciandt.token.provider.controllers.TokenAuthorizerController [http-nio-8081-exec-10] Requisição inválida: Token expirado
2022-07-21 08:01:50,120 INFO com.ciandt.token.provider.controllers.TokenController [http-nio-8081-exec-2] Recebido requisição para criação de token para chave: fulano
2022-07-21 08:01:50,121 INFO com.ciandt.token.provider.controllers.TokenController [http-nio-8081-exec-2] Token gerado com sucesso
2022-07-21 08:02:28,588 INFO com.ciandt.token.provider.controllers.TokenAuthorizerController [http-nio-8081-exec-3] Recebido requisição para geração de token: fulano
2022-07-21 08:02:28,589 INFO com.ciandt.token.provider.controllers.TokenAuthorizerController [http-nio-8081-exec-3] Token validado com sucesso
2022-07-21 08:02:28,595 INFO com.ciandt.token.provider.controllers.TokenAuthorizerController [http-nio-8081-exec-4] Recebido requisição para geração de token: fulano
2022-07-21 08:02:28,596 INFO com.ciandt.token.provider.controllers.TokenAuthorizerController [http-nio-8081-exec-4] Token validado com sucesso
2022-07-21 08:08:06,918 INFO com.ciandt.token.provider.controllers.TokenAuthorizerController [http-nio-8081-exec-7] Recebido requisição para geração de token: fulano
2022-07-21 08:08:06,919 ERROR com.ciandt.token.provider.controllers.TokenAuthorizerController [http-nio-8081-exec-7] Requisição inválida: Token expirado
2022-07-21 08:08:06,938 INFO com.ciandt.token.provider.controllers.TokenAuthorizerController [http-nio-8081-exec-8] Recebido requisição para geração de token: fulano
2022-07-21 08:08:06,939 ERROR com.ciandt.token.provider.controllers.TokenAuthorizerController [http-nio-8081-exec-8] Requisição inválida: Token expirado
2022-07-21 08:08:08,396 INFO com.ciandt.token.provider.controllers.TokenAuthorizerController [http-nio-8081-exec-9] Recebido requisição para geração de token: fulano
2022-07-21 08:08:08,397 ERROR com.ciandt.token.provider.controllers.TokenAuthorizerController [http-nio-8081-exec-9] Requisição inválida: Token expirado
2022-07-21 08:08:08,402 INFO com.ciandt.token.provider.controllers.TokenAuthorizerController [http-nio-8081-exec-10] Recebido requisição para geração de token: fulano
2022-07-21 08:08:08,403 ERROR com.ciandt.token.provider.controllers.TokenAuthorizerController [http-nio-8081-exec-10] Requisição inválida: Token expirado
2022-07-21 08:08:56,562 INFO com.ciandt.token.provider.controllers.TokenAuthorizerController [http-nio-8081-exec-1] Recebido requisição para geração de token: fulano
2022-07-21 08:08:56,563 ERROR com.ciandt.token.provider.controllers.TokenAuthorizerController [http-nio-8081-exec-1] Requisição inválida: Token expirado
2022-07-21 08:08:56,587 INFO com.ciandt.token.provider.controllers.TokenAuthorizerController [http-nio-8081-exec-2] Recebido requisição para geração de token: fulano
2022-07-21 08:08:56,588 ERROR com.ciandt.token.provider.controllers.TokenAuthorizerController [http-nio-8081-exec-2] Requisição inválida: Token expirado
2022-07-21 08:12:02,572 INFO com.ciandt.token.provider.controllers.TokenAuthorizerController [http-nio-8081-exec-3] Recebido requisição para geração de token: fulano
2022-07-21 08:12:02,573 ERROR com.ciandt.token.provider.controllers.TokenAuthorizerController [http-nio-8081-exec-3] Requisição inválida: Token expirado
2022-07-21 08:12:02,596 INFO com.ciandt.token.provider.controllers.TokenAuthorizerController [http-nio-8081-exec-4] Recebido requisição para geração de token: fulano
2022-07-21 08:12:02,598 ERROR com.ciandt.token.provider.controllers.TokenAuthorizerController [http-nio-8081-exec-4] Requisição inválida: Token expirado
2022-07-21 08:26:38,978 INFO com.ciandt.token.provider.controllers.TokenAuthorizerController [http-nio-8081-exec-5] Recebido requisição para geração de token: fulano
2022-07-21 08:26:38,979 ERROR com.ciandt.token.provider.controllers.TokenAuthorizerController [http-nio-8081-exec-5] Requisição inválida: Token expirado
2022-07-21 08:26:39,011 INFO com.ciandt.token.provider.controllers.TokenAuthorizerController [http-nio-8081-exec-6] Recebido requisição para geração de token: fulano
2022-07-21 08:26:39,013 ERROR com.ciandt.token.provider.controllers.TokenAuthorizerController [http-nio-8081-exec-6] Requisição inválida: Token expirado
2022-07-21 08:28:43,388 INFO com.ciandt.token.provider.controllers.TokenAuthorizerController [http-nio-8081-exec-7] Recebido requisição para geração de token: fulano
2022-07-21 08:28:43,390 ERROR com.ciandt.token.provider.controllers.TokenAuthorizerController [http-nio-8081-exec-7] Requisição inválida: Token expirado
2022-07-21 08:28:43,412 INFO com.ciandt.token.provider.controllers.TokenAuthorizerController [http-nio-8081-exec-8] Recebido requisição para geração de token: fulano
2022-07-21 08:28:43,413 ERROR com.ciandt.token.provider.controllers.TokenAuthorizerController [http-nio-8081-exec-8] Requisição inválida: Token expirado
2022-07-21 08:59:09,110 INFO org.springframework.boot.StartupInfoLogger [main] Starting TokenProviderApplication using Java 11.0.15 on lnb035768cps with PID 46855 (/home/andreus/myMusicProject/projetct-myMusic-toTal/TokenProvider/target/classes started by CIANDT\andreus in /home/andreus/myMusicProject/projetct-myMusic-toTal/TokenProvider)
2022-07-21 08:59:09,113 INFO org.springframework.boot.SpringApplication [main] No active profile set, falling back to default profiles: default
2022-07-21 08:59:10,017 INFO org.springframework.boot.web.embedded.tomcat.TomcatWebServer [main] Tomcat initialized with port(s): 8081 (http)
2022-07-21 08:59:10,024 INFO org.apache.juli.logging.DirectJDKLog [main] Initializing ProtocolHandler ["http-nio-8081"]
2022-07-21 08:59:10,025 INFO org.apache.juli.logging.DirectJDKLog [main] Starting service [Tomcat]
2022-07-21 08:59:10,025 INFO org.apache.juli.logging.DirectJDKLog [main] Starting Servlet engine: [Apache Tomcat/9.0.56]
2022-07-21 08:59:10,080 INFO org.apache.juli.logging.DirectJDKLog [main] Initializing Spring embedded WebApplicationContext
2022-07-21 08:59:10,081 INFO org.springframework.boot.web.servlet.context.ServletWebServerApplicationContext [main] Root WebApplicationContext: initialization completed in 916 ms
2022-07-21 08:59:10,562 INFO org.springframework.boot.actuate.endpoint.web.EndpointLinksResolver [main] Exposing 1 endpoint(s) beneath base path '/actuator'
2022-07-21 08:59:10,584 INFO org.apache.juli.logging.DirectJDKLog [main] Starting ProtocolHandler ["http-nio-8081"]
2022-07-21 08:59:10,598 INFO org.springframework.boot.web.embedded.tomcat.TomcatWebServer [main] Tomcat started on port(s): 8081 (http) with context path ''
2022-07-21 08:59:10,612 INFO org.springframework.boot.StartupInfoLogger [main] Started TokenProviderApplication in 1.886 seconds (JVM running for 2.272)
2022-07-21 08:59:54,956 INFO org.springframework.boot.StartupInfoLogger [main] Starting TokenProviderApplication using Java 11.0.15 on lnb035768cps with PID 46987 (/home/andreus/myMusicProject/projetct-myMusic-toTal/TokenProvider/target/classes started by CIANDT\andreus in /home/andreus/myMusicProject/projetct-myMusic-toTal/TokenProvider)
2022-07-21 08:59:54,959 INFO org.springframework.boot.SpringApplication [main] No active profile set, falling back to default profiles: default
2022-07-21 08:59:55,891 INFO org.springframework.boot.web.embedded.tomcat.TomcatWebServer [main] Tomcat initialized with port(s): 8081 (http)
2022-07-21 08:59:55,904 INFO org.apache.juli.logging.DirectJDKLog [main] Initializing ProtocolHandler ["http-nio-8081"]
2022-07-21 08:59:55,905 INFO org.apache.juli.logging.DirectJDKLog [main] Starting service [Tomcat]
2022-07-21 08:59:55,905 INFO org.apache.juli.logging.DirectJDKLog [main] Starting Servlet engine: [Apache Tomcat/9.0.56]
2022-07-21 08:59:55,951 INFO org.apache.juli.logging.DirectJDKLog [main] Initializing Spring embedded WebApplicationContext
2022-07-21 08:59:55,951 INFO org.springframework.boot.web.servlet.context.ServletWebServerApplicationContext [main] Root WebApplicationContext: initialization completed in 950 ms
2022-07-21 08:59:56,407 INFO org.springframework.boot.actuate.endpoint.web.EndpointLinksResolver [main] Exposing 1 endpoint(s) beneath base path '/actuator'
2022-07-21 08:59:56,435 INFO org.apache.juli.logging.DirectJDKLog [main] Starting ProtocolHandler ["http-nio-8081"]
2022-07-21 08:59:56,445 INFO org.springframework.boot.web.embedded.tomcat.TomcatWebServer [main] Tomcat started on port(s): 8081 (http) with context path ''
2022-07-21 08:59:56,458 INFO org.springframework.boot.StartupInfoLogger [main] Started TokenProviderApplication in 1.849 seconds (JVM running for 2.249)
2022-07-21 09:00:53,705 INFO org.apache.juli.logging.DirectJDKLog [http-nio-8081-exec-1] Initializing Spring DispatcherServlet 'dispatcherServlet'
2022-07-21 09:00:53,708 INFO org.springframework.web.servlet.FrameworkServlet [http-nio-8081-exec-1] Initializing Servlet 'dispatcherServlet'
2022-07-21 09:00:53,718 INFO org.springframework.web.servlet.FrameworkServlet [http-nio-8081-exec-1] Completed initialization in 8 ms
2022-07-21 09:00:53,852 INFO com.ciandt.token.provider.controllers.TokenAuthorizerController [http-nio-8081-exec-1] Recebido requisição para geração de token: fulano
2022-07-21 09:00:53,907 ERROR com.ciandt.token.provider.controllers.TokenAuthorizerController [http-nio-8081-exec-1] Requisição inválida: Token expirado
2022-07-21 09:00:53,991 INFO com.ciandt.token.provider.controllers.TokenAuthorizerController [http-nio-8081-exec-2] Recebido requisição para geração de token: fulano
2022-07-21 09:00:53,993 ERROR com.ciandt.token.provider.controllers.TokenAuthorizerController [http-nio-8081-exec-2] Requisição inválida: Token expirado
2022-07-21 09:01:28,279 INFO com.ciandt.token.provider.controllers.TokenController [http-nio-8081-exec-4] Recebido requisição para criação de token para chave: fulano
2022-07-21 09:01:28,284 INFO com.ciandt.token.provider.controllers.TokenController [http-nio-8081-exec-4] Token gerado com sucesso
2022-07-21 09:01:52,358 INFO com.ciandt.token.provider.controllers.TokenAuthorizerController [http-nio-8081-exec-5] Recebido requisição para geração de token: fulano
2022-07-21 09:01:52,360 INFO com.ciandt.token.provider.controllers.TokenAuthorizerController [http-nio-8081-exec-5] Token validado com sucesso
2022-07-21 09:01:52,369 INFO com.ciandt.token.provider.controllers.TokenAuthorizerController [http-nio-8081-exec-6] Recebido requisição para geração de token: fulano
2022-07-21 09:01:52,370 INFO com.ciandt.token.provider.controllers.TokenAuthorizerController [http-nio-8081-exec-6] Token validado com sucesso
2022-07-21 09:04:27,162 INFO com.ciandt.token.provider.controllers.TokenAuthorizerController [http-nio-8081-exec-9] Recebido requisição para geração de token: fulano
2022-07-21 09:04:27,163 ERROR com.ciandt.token.provider.controllers.TokenAuthorizerController [http-nio-8081-exec-9] Requisição inválida: Token expirado
2022-07-21 09:04:27,169 INFO com.ciandt.token.provider.controllers.TokenAuthorizerController [http-nio-8081-exec-10] Recebido requisição para geração de token: fulano
2022-07-21 09:04:27,170 ERROR com.ciandt.token.provider.controllers.TokenAuthorizerController [http-nio-8081-exec-10] Requisição inválida: Token expirado
2022-07-21 09:04:38,583 INFO com.ciandt.token.provider.controllers.TokenController [http-nio-8081-exec-1] Recebido requisição para criação de token para chave: fulano
2022-07-21 09:04:38,586 INFO com.ciandt.token.provider.controllers.TokenController [http-nio-8081-exec-1] Token gerado com sucesso
2022-07-21 09:05:10,438 INFO com.ciandt.token.provider.controllers.TokenAuthorizerController [http-nio-8081-exec-3] Recebido requisição para geração de token: fulano
2022-07-21 09:05:10,439 INFO com.ciandt.token.provider.controllers.TokenAuthorizerController [http-nio-8081-exec-3] Token validado com sucesso
2022-07-21 09:05:10,443 INFO com.ciandt.token.provider.controllers.TokenAuthorizerController [http-nio-8081-exec-4] Recebido requisição para geração de token: fulano
2022-07-21 09:05:10,444 INFO com.ciandt.token.provider.controllers.TokenAuthorizerController [http-nio-8081-exec-4] Token validado com sucesso
